<?xml version="1.0" encoding="UTF-8"?>
<!-- Generated by org.testng.reporters.JUnitReportReporter -->
<testsuite hostname="bcsdesk-amarnath" name="verifyTest.ScreenTest" tests="2" failures="0" timestamp="21 Mar 2017 09:16:02 GMT" time="73.191" errors="0">
  <testcase name="TesttoFail" time="61.275" classname="verifyTest.ScreenTest"/>
  <testcase name="TesttoFail" time="11.916" classname="verifyTest.ScreenTest"/>
</testsuite> <!-- verifyTest.ScreenTest -->
