<?xml version="1.0" encoding="UTF-8"?>
<!-- Generated by org.testng.reporters.JUnitReportReporter -->
<testsuite hostname="bcsdesk-amarnath" name="utilities.GenericBrowsers" tests="1" failures="0" timestamp="17 Mar 2017 09:30:45 GMT" time="14.395" errors="0">
  <testcase name="StartBrowser" time="14.395" classname="utilities.GenericBrowsers"/>
</testsuite> <!-- utilities.GenericBrowsers -->
