<?xml version="1.0" encoding="UTF-8"?>
<!-- Generated by org.testng.reporters.JUnitReportReporter -->
<testsuite hostname="bcsdesk-amarnath" name="verifyTest.TestScreenshot" tests="1" failures="0" timestamp="15 Mar 2017 06:02:31 GMT" time="0.022" errors="0">
  <testcase name="testOnFail" time="0.022" classname="verifyTest.TestScreenshot"/>
</testsuite> <!-- verifyTest.TestScreenshot -->
