<?xml version="1.0" encoding="UTF-8"?>
<!-- Generated by org.testng.reporters.JUnitReportReporter -->
<testsuite hostname="bcsdesk-amarnath" name="verifyTest.ScreenTest" tests="3" failures="0" timestamp="22 Mar 2017 08:36:16 GMT" time="129.352" errors="0">
  <testcase name="TesttoFail" time="36.628" classname="verifyTest.ScreenTest"/>
  <testcase name="TesttoFail" time="21.132" classname="verifyTest.ScreenTest"/>
  <testcase name="TesttoFail" time="71.592" classname="verifyTest.ScreenTest"/>
</testsuite> <!-- verifyTest.ScreenTest -->
