<?xml version="1.0" encoding="UTF-8"?>
<!-- Generated by org.testng.reporters.JUnitReportReporter -->
<testsuite hostname="bcslappy-Amar" name="jenkins.ScriptForJenkins" tests="1" failures="0" timestamp="6 Apr 2017 17:18:14 GMT" time="0.024" errors="0">
  <testcase name="test" time="0.024" classname="jenkins.ScriptForJenkins"/>
</testsuite> <!-- jenkins.ScriptForJenkins -->
