<?xml version="1.0" encoding="UTF-8"?>
<!-- Generated by org.testng.reporters.JUnitReportReporter -->
<testsuite hostname="bcsdesk-amarnath" name="verifyTest.ScreenTest" tests="3" failures="0" timestamp="21 Mar 2017 06:29:03 GMT" time="58.086" errors="0">
  <testcase name="TesttoFail" time="26.878" classname="verifyTest.ScreenTest"/>
  <testcase name="TesttoFail" time="8.989" classname="verifyTest.ScreenTest"/>
  <testcase name="TesttoFail" time="22.219" classname="verifyTest.ScreenTest"/>
</testsuite> <!-- verifyTest.ScreenTest -->
