<?xml version="1.0" encoding="UTF-8"?>
<!-- Generated by org.testng.reporters.JUnitReportReporter -->
<testsuite hostname="bcsdesk-amarnath" name="utilities.ConfigFileReader" tests="1" failures="0" timestamp="16 Mar 2017 10:17:13 GMT" time="0.020" errors="0">
  <testcase name="readConfigFile" time="0.020" classname="utilities.ConfigFileReader"/>
</testsuite> <!-- utilities.ConfigFileReader -->
